<?xml version="1.0" encoding="UTF-8"?>
<testsuite name="ComputerRepairRequestTest" tests="2" skipped="0" failures="0" errors="0" timestamp="2025-03-07T10:19:16" hostname="LAPTOP_DAN" time="0.026">
  <properties/>
  <testcase name="Test - Getters for ComputerRepairRequest Object" classname="ComputerRepairRequestTest" time="0.023"/>
  <testcase name="Test - Setters for ComputerRepairRequest Object" classname="ComputerRepairRequestTest" time="0.001"/>
  <system-out><![CDATA[]]></system-out>
  <system-err><![CDATA[]]></system-err>
</testsuite>
